<?xml version="1.0" encoding="UTF-8"?>
<!-- Generated by org.testng.reporters.JUnitReportReporter -->
<testsuite hostname="KVM396-R9WAK6G" name="Testng.parameterscls" tests="1" failures="0" timestamp="7 May 2017 08:27:06 GMT" time="0.023" errors="0">
  <testcase name="parm1" time="0.023" classname="Testng.parameterscls"/>
</testsuite> <!-- Testng.parameterscls -->
