<?xml version="1.0" encoding="UTF-8"?>
<!-- Generated by org.testng.reporters.JUnitReportReporter -->
<testsuite hostname="KVM396-R9WAK6G" name="Testng.parallel2" tests="5" failures="0" timestamp="13 May 2017 08:44:48 GMT" time="34.112" errors="0">
  <testcase name="test1" time="16.068" classname="Testng.parallel2"/>
  <testcase name="test5" time="2.010" classname="Testng.parallel2"/>
  <testcase name="test4" time="3.004" classname="Testng.parallel2"/>
  <testcase name="test3" time="6.017" classname="Testng.parallel2"/>
  <testcase name="test2" time="7.013" classname="Testng.parallel2"/>
</testsuite> <!-- Testng.parallel2 -->
