<?xml version="1.0" encoding="UTF-8"?>
<!-- Generated by org.testng.reporters.JUnitReportReporter -->
<testsuite hostname="KVM396-R9WAK6G" name="frameworks.hybrid.DataDriven" tests="12" failures="0" timestamp="2 Jun 2017 11:21:02 GMT" time="182.679" errors="0">
  <testcase name="loginTest" time="14.894" classname="frameworks.hybrid.DataDriven"/>
  <testcase name="loginTest" time="16.765" classname="frameworks.hybrid.DataDriven"/>
  <testcase name="loginTest" time="13.578" classname="frameworks.hybrid.DataDriven"/>
  <testcase name="loginTest" time="14.887" classname="frameworks.hybrid.DataDriven"/>
  <testcase name="loginTest" time="14.587" classname="frameworks.hybrid.DataDriven"/>
  <testcase name="loginTest" time="16.068" classname="frameworks.hybrid.DataDriven"/>
  <testcase name="loginTest" time="15.000" classname="frameworks.hybrid.DataDriven"/>
  <testcase name="loginTest" time="14.288" classname="frameworks.hybrid.DataDriven"/>
  <testcase name="loginTest" time="14.989" classname="frameworks.hybrid.DataDriven"/>
  <testcase name="loginTest" time="16.175" classname="frameworks.hybrid.DataDriven"/>
  <testcase name="loginTest" time="14.093" classname="frameworks.hybrid.DataDriven"/>
  <testcase name="loginTest" time="17.355" classname="frameworks.hybrid.DataDriven"/>
</testsuite> <!-- frameworks.hybrid.DataDriven -->
