<?xml version="1.0" encoding="UTF-8"?>
<!-- Generated by org.testng.reporters.JUnitReportReporter -->
<testsuite hostname="KVM396-R9WAK6G" name="frameworks.keywordDriven.TestClass" tests="1" failures="0" timestamp="14 May 2017 08:16:20 GMT" time="25.676" errors="0">
  <testcase name="loginTest" time="25.676" classname="frameworks.keywordDriven.TestClass"/>
</testsuite> <!-- frameworks.keywordDriven.TestClass -->
