<?xml version="1.0" encoding="UTF-8"?>
<!-- Generated by org.testng.reporters.JUnitReportReporter -->
<testsuite hostname="KVM396-R9WAK6G" name="frameworks.advance.ExtentExample" tests="2" failures="0" timestamp="21 May 2017 09:29:03 GMT" time="30.415" errors="0">
  <testcase name="seleniumTest1" time="19.577" classname="frameworks.advance.ExtentExample"/>
  <testcase name="seleniumTest2" time="10.838" classname="frameworks.advance.ExtentExample"/>
</testsuite> <!-- frameworks.advance.ExtentExample -->
