<?xml version="1.0" encoding="UTF-8"?>
<!-- Generated by org.testng.reporters.JUnitReportReporter -->
<testsuite hostname="KVM396-R9WAK6G" name="Testng.parallel" tests="5" failures="0" timestamp="13 May 2017 08:44:48 GMT" time="23.086" errors="0">
  <testcase name="test3" time="6.002" classname="Testng.parallel"/>
  <testcase name="test1" time="5.051" classname="Testng.parallel"/>
  <testcase name="test2" time="7.013" classname="Testng.parallel"/>
  <testcase name="test4" time="3.014" classname="Testng.parallel"/>
  <testcase name="test5" time="2.006" classname="Testng.parallel"/>
</testsuite> <!-- Testng.parallel -->
