<?xml version="1.0" encoding="UTF-8"?>
<!-- Generated by org.testng.reporters.JUnitReportReporter -->
<testsuite hostname="KVM396-R9WAK6G" name="frameworks.datadriven.DataDriven" tests="12" failures="0" timestamp="20 May 2017 10:06:08 GMT" time="0.265" errors="0">
  <testcase name="loginTest" time="0.000" classname="frameworks.datadriven.DataDriven"/>
  <testcase name="loginTest" time="0.000" classname="frameworks.datadriven.DataDriven"/>
  <testcase name="loginTest" time="0.015" classname="frameworks.datadriven.DataDriven"/>
  <testcase name="loginTest" time="0.000" classname="frameworks.datadriven.DataDriven"/>
  <testcase name="loginTest" time="0.172" classname="frameworks.datadriven.DataDriven"/>
  <testcase name="loginTest" time="0.000" classname="frameworks.datadriven.DataDriven"/>
  <testcase name="loginTest" time="0.000" classname="frameworks.datadriven.DataDriven"/>
  <testcase name="loginTest" time="0.031" classname="frameworks.datadriven.DataDriven"/>
  <testcase name="loginTest" time="0.016" classname="frameworks.datadriven.DataDriven"/>
  <testcase name="loginTest" time="0.016" classname="frameworks.datadriven.DataDriven"/>
  <testcase name="loginTest" time="0.000" classname="frameworks.datadriven.DataDriven"/>
  <testcase name="loginTest" time="0.015" classname="frameworks.datadriven.DataDriven"/>
</testsuite> <!-- frameworks.datadriven.DataDriven -->
