<?xml version="1.0" encoding="UTF-8"?>
<!-- Generated by org.testng.reporters.JUnitReportReporter -->
<testsuite hostname="KVM396-R9WAK6G" name="Testng.basictestng" tests="1" failures="0" timestamp="8 May 2017 08:54:16 GMT" time="0.015" errors="0">
  <testcase name="test3" time="0.015" classname="Testng.basictestng"/>
</testsuite> <!-- Testng.basictestng -->
